2017-11-18 15:32:06,901 INFO o.a.j.u.JMeterUtils: Setting Locale to zh_CN
2017-11-18 15:32:06,919 INFO o.a.j.JMeter: Loading user properties from: C:\Program Files\apache-jmeter-3.3\bin\user.properties
2017-11-18 15:32:06,920 INFO o.a.j.JMeter: Loading system properties from: C:\Program Files\apache-jmeter-3.3\bin\system.properties
2017-11-18 15:32:06,926 INFO o.a.j.JMeter: Copyright (c) 1998-2017 The Apache Software Foundation
2017-11-18 15:32:06,926 INFO o.a.j.JMeter: Version 3.3 r1808647
2017-11-18 15:32:06,926 INFO o.a.j.JMeter: java.version=1.8.0_141
2017-11-18 15:32:06,926 INFO o.a.j.JMeter: java.vm.name=Java HotSpot(TM) 64-Bit Server VM
2017-11-18 15:32:06,926 INFO o.a.j.JMeter: os.name=Windows 7
2017-11-18 15:32:06,926 INFO o.a.j.JMeter: os.arch=amd64
2017-11-18 15:32:06,926 INFO o.a.j.JMeter: os.version=6.1
2017-11-18 15:32:06,926 INFO o.a.j.JMeter: file.encoding=GBK
2017-11-18 15:32:06,926 INFO o.a.j.JMeter: Max memory     =536870912
2017-11-18 15:32:06,927 INFO o.a.j.JMeter: Available Processors =4
2017-11-18 15:32:06,933 INFO o.a.j.JMeter: Default Locale=中文 (中国)
2017-11-18 15:32:06,934 INFO o.a.j.JMeter: JMeter  Locale=中文 (中国)
2017-11-18 15:32:06,934 INFO o.a.j.JMeter: JMeterHome=C:\Program Files\apache-jmeter-3.3
2017-11-18 15:32:06,934 INFO o.a.j.JMeter: user.dir  =C:\GitHup
2017-11-18 15:32:06,934 INFO o.a.j.JMeter: PWD       =C:\GitHup
2017-11-18 15:32:06,935 INFO o.a.j.JMeter: IP: 192.168.2.82 Name: ZMN-20171015ZOS FullName: ZMN-20171015ZOS
2017-11-18 15:32:06,937 INFO o.a.j.JMeter: Setting property 'jmeter.reportgenerator.outputdir' to:'D:\tmp'
2017-11-18 15:32:06,939 INFO o.a.j.s.FileServer: Default base='C:\GitHup'
2017-11-18 15:32:06,939 INFO o.a.j.s.FileServer: Set new base='C:\GitHup'
2017-11-18 15:32:07,109 INFO o.a.j.s.SaveService: Testplan (JMX) version: 2.2. Testlog (JTL) version: 2.2
2017-11-18 15:32:07,125 INFO o.a.j.s.SaveService: Using SaveService properties file encoding UTF-8
2017-11-18 15:32:07,129 INFO o.a.j.s.SaveService: Using SaveService properties version 3.2
2017-11-18 15:32:07,137 INFO o.a.j.s.SaveService: Loading file: C:\GitHup\jmeter.jmx
2017-11-18 15:32:07,199 INFO o.a.j.p.h.s.HTTPSamplerBase: Parser for text/html is org.apache.jmeter.protocol.http.parser.LagartoBasedHtmlParser
2017-11-18 15:32:07,199 INFO o.a.j.p.h.s.HTTPSamplerBase: Parser for application/xhtml+xml is org.apache.jmeter.protocol.http.parser.LagartoBasedHtmlParser
2017-11-18 15:32:07,200 INFO o.a.j.p.h.s.HTTPSamplerBase: Parser for application/xml is org.apache.jmeter.protocol.http.parser.LagartoBasedHtmlParser
2017-11-18 15:32:07,200 INFO o.a.j.p.h.s.HTTPSamplerBase: Parser for text/xml is org.apache.jmeter.protocol.http.parser.LagartoBasedHtmlParser
2017-11-18 15:32:07,200 INFO o.a.j.p.h.s.HTTPSamplerBase: Parser for text/vnd.wap.wml is org.apache.jmeter.protocol.http.parser.RegexpHTMLParser
2017-11-18 15:32:07,200 INFO o.a.j.p.h.s.HTTPSamplerBase: Parser for text/css is org.apache.jmeter.protocol.http.parser.CssParser
2017-11-18 15:32:07,254 INFO o.a.j.JMeter: Creating summariser <summary>
2017-11-18 15:32:07,260 INFO o.a.j.r.d.ReportGenerator: ReportGenerator will use for Parsing the separator: ','
2017-11-18 15:32:07,260 INFO o.a.j.r.d.ReportGenerator: Will generate report at end of test from  results file: D:\aa.jlt
2017-11-18 15:32:07,260 INFO o.a.j.r.d.ReportGenerator: Reading report generator properties from: C:\Program Files\apache-jmeter-3.3\bin\reportgenerator.properties
2017-11-18 15:32:07,261 INFO o.a.j.r.d.ReportGenerator: Merging with JMeter properties
2017-11-18 15:32:07,267 INFO o.a.j.r.c.ReportGeneratorConfiguration: Property 'jmeter.reportgenerator.temp_dir' not found, using default value 'temp' instead.
2017-11-18 15:32:07,269 INFO o.a.j.r.c.ReportGeneratorConfiguration: Property 'jmeter.reportgenerator.apdex_per_transaction' not found, using default value 'null' instead.
2017-11-18 15:32:07,269 INFO o.a.j.r.c.ReportGeneratorConfiguration: apdex_per_transaction : {} is empty, not APDEX per transaction customization
2017-11-18 15:32:07,269 INFO o.a.j.r.c.ReportGeneratorConfiguration: Property 'jmeter.reportgenerator.sample_filter' not found, using default value 'null' instead.
2017-11-18 15:32:07,269 INFO o.a.j.r.c.ReportGeneratorConfiguration: Property 'jmeter.reportgenerator.report_title' not found, using default value 'null' instead.
2017-11-18 15:32:07,270 INFO o.a.j.r.c.ReportGeneratorConfiguration: Property 'jmeter.reportgenerator.start_date' not found, using default value 'null' instead.
2017-11-18 15:32:07,270 INFO o.a.j.r.c.ReportGeneratorConfiguration: Property 'jmeter.reportgenerator.end_date' not found, using default value 'null' instead.
2017-11-18 15:32:07,270 INFO o.a.j.r.c.ReportGeneratorConfiguration: Property 'jmeter.reportgenerator.date_format' not found, using default value 'null' instead.
2017-11-18 15:32:07,271 INFO o.a.j.r.c.ReportGeneratorConfiguration: Will use date range start date: null, end date: null
2017-11-18 15:32:07,275 INFO o.a.j.r.c.ReportGeneratorConfiguration: Property 'jmeter.reportgenerator.graph.activeThreadsOverTime.exclude_controllers' not found, using default value 'false' instead.
2017-11-18 15:32:07,275 INFO o.a.j.r.c.ReportGeneratorConfiguration: Property 'jmeter.reportgenerator.graph.timeVsThreads.exclude_controllers' not found, using default value 'false' instead.
2017-11-18 15:32:07,275 INFO o.a.j.r.c.ReportGeneratorConfiguration: Property 'jmeter.reportgenerator.graph.responseTimeDistribution.exclude_controllers' not found, using default value 'false' instead.
2017-11-18 15:32:07,276 INFO o.a.j.r.c.ReportGeneratorConfiguration: Property 'jmeter.reportgenerator.graph.transactionsPerSecond.exclude_controllers' not found, using default value 'false' instead.
2017-11-18 15:32:07,276 INFO o.a.j.r.c.ReportGeneratorConfiguration: Property 'jmeter.reportgenerator.graph.responseTimePercentiles.exclude_controllers' not found, using default value 'false' instead.
2017-11-18 15:32:07,276 INFO o.a.j.r.c.ReportGeneratorConfiguration: Property 'jmeter.reportgenerator.graph.responseTimePercentilesOverTime.exclude_controllers' not found, using default value 'false' instead.
2017-11-18 15:32:07,276 INFO o.a.j.r.c.ReportGeneratorConfiguration: Property 'jmeter.reportgenerator.graph.responseTimesOverTime.exclude_controllers' not found, using default value 'false' instead.
2017-11-18 15:32:07,276 INFO o.a.j.r.c.ReportGeneratorConfiguration: Property 'jmeter.reportgenerator.graph.connectTimeOverTime.exclude_controllers' not found, using default value 'false' instead.
2017-11-18 15:32:07,277 INFO o.a.j.r.c.ReportGeneratorConfiguration: Property 'jmeter.reportgenerator.graph.latenciesOverTime.exclude_controllers' not found, using default value 'false' instead.
2017-11-18 15:32:07,278 INFO o.a.j.r.c.ReportGeneratorConfiguration: Property 'jmeter.reportgenerator.exporter.html.filters_only_sample_series' not found, using default value 'true' instead.
2017-11-18 15:32:07,278 INFO o.a.j.r.c.ReportGeneratorConfiguration: Property 'jmeter.reportgenerator.exporter.html.series_filter' not found, using default value '' instead.
2017-11-18 15:32:07,278 INFO o.a.j.r.c.ReportGeneratorConfiguration: Property 'jmeter.reportgenerator.exporter.html.show_controllers_only' not found, using default value 'false' instead.
2017-11-18 15:32:07,284 INFO o.a.j.e.StandardJMeterEngine: Running the test!
2017-11-18 15:32:07,285 INFO o.a.j.s.SampleEvent: List of sample_variables: []
2017-11-18 15:32:07,285 INFO o.a.j.s.SampleEvent: List of sample_variables: []
2017-11-18 15:32:07,290 INFO o.a.j.e.u.CompoundVariable: Note: Function class names must contain the string: '.functions.'
2017-11-18 15:32:07,290 INFO o.a.j.e.u.CompoundVariable: Note: Function class names must not contain the string: '.gui.'
2017-11-18 15:32:07,736 INFO o.a.j.JMeter: 正在运行的测试 (1510990327736)
2017-11-18 15:32:07,771 INFO o.a.j.e.StandardJMeterEngine: Starting ThreadGroup: 1 : 聚合数据
2017-11-18 15:32:07,771 INFO o.a.j.e.StandardJMeterEngine: Starting 1 threads for group 聚合数据.
2017-11-18 15:32:07,772 INFO o.a.j.e.StandardJMeterEngine: Thread will continue on error
2017-11-18 15:32:07,772 INFO o.a.j.t.ThreadGroup: Starting thread group... number=1 threads=1 ramp-up=1 perThread=1000.0 delayedStart=false
2017-11-18 15:32:07,778 INFO o.a.j.t.ThreadGroup: Started thread group number 1
2017-11-18 15:32:07,779 INFO o.a.j.e.StandardJMeterEngine: All thread groups have been started
2017-11-18 15:32:07,819 INFO o.a.j.t.JMeterThread: Thread started: 聚合数据 1-1
2017-11-18 15:32:07,821 INFO o.a.j.s.FileServer: Stored: C:\GitHup\jmeter.csv
2017-11-18 15:32:07,839 INFO o.a.j.p.h.s.HTTPHCAbstractImpl: Local host = ZMN-20171015ZOS
2017-11-18 15:32:07,846 INFO o.a.j.p.h.s.HTTPHC4Impl: HTTP request retry count = 0
2017-11-18 15:32:07,854 INFO o.a.j.s.SampleResult: Note: Sample TimeStamps are START times
2017-11-18 15:32:07,854 INFO o.a.j.s.SampleResult: sampleresult.default.encoding is set to ISO-8859-1
2017-11-18 15:32:07,854 INFO o.a.j.s.SampleResult: sampleresult.useNanoTime=true
2017-11-18 15:32:07,854 INFO o.a.j.s.SampleResult: sampleresult.nanoThreadSleep=5000
2017-11-18 15:32:08,250 INFO o.a.j.t.JMeterThread: Thread is done: 聚合数据 1-1
2017-11-18 15:32:08,250 INFO o.a.j.t.JMeterThread: Thread finished: 聚合数据 1-1
2017-11-18 15:32:08,251 INFO o.a.j.e.StandardJMeterEngine: Notifying test listeners of end of test
2017-11-18 15:32:08,251 INFO o.a.j.s.FileServer: Close: C:\GitHup\jmeter.csv
2017-11-18 15:32:08,253 INFO o.a.j.r.Summariser: summary =      3 in 00:00:01 =    5.8/s Avg:   121 Min:    59 Max:   226 Err:     2 (66.67%)
2017-11-18 15:32:08,258 INFO o.a.j.JMeter: Generating Dashboard
2017-11-18 15:32:08,258 INFO o.a.j.r.d.ReportGenerator: Flushing result collector before report Generation
2017-11-18 15:32:08,273 INFO o.a.j.r.p.NormalizerSampleConsumer: Using format, 'ms', to parse timeStamp field
2017-11-18 15:32:08,573 INFO o.a.j.r.p.AbstractSampleConsumer: class org.apache.jmeter.report.processor.AggregateConsumer#stopProducing(): beginDate produced 0 samples
2017-11-18 15:32:08,574 INFO o.a.j.r.p.AbstractSampleConsumer: class org.apache.jmeter.report.processor.AggregateConsumer#stopProducing(): endDate produced 0 samples
2017-11-18 15:32:08,575 INFO o.a.j.r.p.AbstractSampleConsumer: class org.apache.jmeter.report.processor.ApdexSummaryConsumer#stopProducing(): apdexSummary produced 0 samples
2017-11-18 15:32:08,575 INFO o.a.j.r.p.AbstractSampleConsumer: class org.apache.jmeter.report.processor.RequestsSummaryConsumer#stopProducing(): requestsSummary produced 0 samples
2017-11-18 15:32:08,588 INFO o.a.j.r.p.AbstractSampleConsumer: class org.apache.jmeter.report.processor.StatisticsSummaryConsumer#stopProducing(): statisticsSummary produced 0 samples
2017-11-18 15:32:08,589 INFO o.a.j.r.p.AbstractSampleConsumer: class org.apache.jmeter.report.processor.Top5ErrorsBySamplerConsumer#stopProducing(): top5ErrorsBySampler produced 0 samples
2017-11-18 15:32:08,590 INFO o.a.j.r.p.AbstractSampleConsumer: class org.apache.jmeter.report.processor.ErrorsSummaryConsumer#stopProducing(): errorsSummary produced 0 samples
2017-11-18 15:32:08,590 INFO o.a.j.r.p.AbstractSampleConsumer: class org.apache.jmeter.report.processor.graph.impl.HitsPerSecondGraphConsumer#stopProducing(): hitsPerSecond produced 0 samples
2017-11-18 15:32:08,605 INFO o.a.j.r.p.AbstractSampleConsumer: class org.apache.jmeter.report.processor.graph.impl.LatencyVSRequestGraphConsumer#stopProducing(): latencyVsRequest produced 0 samples
2017-11-18 15:32:08,605 INFO o.a.j.r.p.AbstractSampleConsumer: class org.apache.jmeter.report.processor.graph.impl.SyntheticResponseTimeDistributionGraphConsumer#stopProducing(): syntheticResponseTimeDistribution produced 0 samples
2017-11-18 15:32:08,605 INFO o.a.j.r.p.AbstractSampleConsumer: class org.apache.jmeter.report.processor.graph.impl.BytesThroughputGraphConsumer#stopProducing(): bytesThroughputOverTime produced 0 samples
2017-11-18 15:32:08,605 INFO o.a.j.r.p.AbstractSampleConsumer: class org.apache.jmeter.report.processor.graph.impl.CodesPerSecondGraphConsumer#stopProducing(): codesPerSecond produced 0 samples
2017-11-18 15:32:08,609 INFO o.a.j.r.p.AbstractSampleConsumer: class org.apache.jmeter.report.processor.graph.impl.ResponseTimeVSRequestGraphConsumer#stopProducing(): responseTimeVsRequest produced 0 samples
2017-11-18 15:32:08,610 INFO o.a.j.r.p.AbstractSampleConsumer: class org.apache.jmeter.report.processor.FilterConsumer#stopProducing(): startIntervalControlerFilter produced 21 samples
2017-11-18 15:32:08,610 INFO o.a.j.r.p.AbstractSampleConsumer: class org.apache.jmeter.report.processor.graph.impl.ActiveThreadsGraphConsumer#stopProducing(): activeThreadsOverTime produced 0 samples
2017-11-18 15:32:08,610 INFO o.a.j.r.p.AbstractSampleConsumer: class org.apache.jmeter.report.processor.graph.impl.TimeVSThreadGraphConsumer#stopProducing(): timeVsThreads produced 0 samples
2017-11-18 15:32:08,611 INFO o.a.j.r.p.AbstractSampleConsumer: class org.apache.jmeter.report.processor.graph.impl.ResponseTimeDistributionGraphConsumer#stopProducing(): responseTimeDistribution produced 0 samples
2017-11-18 15:32:08,611 INFO o.a.j.r.p.AbstractSampleConsumer: class org.apache.jmeter.report.processor.graph.impl.TransactionsPerSecondGraphConsumer#stopProducing(): transactionsPerSecond produced 0 samples
2017-11-18 15:32:08,611 INFO o.a.j.r.p.AbstractSampleConsumer: class org.apache.jmeter.report.processor.graph.impl.ResponseTimePercentilesGraphConsumer#stopProducing(): responseTimePercentiles produced 0 samples
2017-11-18 15:32:08,614 INFO o.a.j.r.p.AbstractSampleConsumer: class org.apache.jmeter.report.processor.graph.impl.ResponseTimePercentilesOverTimeGraphConsumer#stopProducing(): responseTimePercentilesOverTime produced 0 samples
2017-11-18 15:32:08,614 INFO o.a.j.r.p.AbstractSampleConsumer: class org.apache.jmeter.report.processor.graph.impl.ResponseTimeOverTimeGraphConsumer#stopProducing(): responseTimesOverTime produced 0 samples
2017-11-18 15:32:08,614 INFO o.a.j.r.p.AbstractSampleConsumer: class org.apache.jmeter.report.processor.graph.impl.ConnectTimeOverTimeGraphConsumer#stopProducing(): connectTimeOverTime produced 0 samples
2017-11-18 15:32:08,614 INFO o.a.j.r.p.AbstractSampleConsumer: class org.apache.jmeter.report.processor.graph.impl.LatencyOverTimeGraphConsumer#stopProducing(): latenciesOverTime produced 0 samples
2017-11-18 15:32:08,614 INFO o.a.j.r.p.AbstractSampleConsumer: class org.apache.jmeter.report.processor.FilterConsumer#stopProducing(): nameFilter produced 42 samples
2017-11-18 15:32:08,614 INFO o.a.j.r.p.AbstractSampleConsumer: class org.apache.jmeter.report.processor.FilterConsumer#stopProducing(): dateRangeFilter produced 9 samples
2017-11-18 15:32:08,614 INFO o.a.j.r.p.AbstractSampleConsumer: class org.apache.jmeter.report.processor.NormalizerSampleConsumer#stopProducing(): normalizer produced 3 samples
2017-11-18 15:32:08,615 INFO o.a.j.r.p.CsvFileSampleSource: produce(): 3 samples produced in 305ms on channel 0
2017-11-18 15:32:08,615 INFO o.a.j.r.d.ReportGenerator: Exporting data using exporter:'html' of className:'org.apache.jmeter.report.dashboard.HtmlTemplateExporter'
2017-11-18 15:32:08,619 INFO o.a.j.r.d.HtmlTemplateExporter: Will generate dashboard in folder: D:\tmp
2017-11-18 15:32:08,707 INFO o.a.j.r.d.HtmlTemplateExporter: Report will be generated in: D:\tmp, creating folder structure
2017-11-18 15:32:09,828 INFO o.a.j.JMeter: Dashboard generated
